2024-05-02 10:16:40,847 [Worker-1: Loading available Gradle versions] INFO  o.e.b.c.i.u.g.PublishedGradleVersions - Gradle version information cache is up-to-date. Trying to read.
2024-05-02 10:20:13,265 [Worker-21: Creating project "projectpoc"] INFO  o.e.m.c.i.l.LifecycleMappingFactory - Using org.eclipse.m2e.jdt.JarLifecycleMapping lifecycle mapping for MavenProject: projectpoc:projectpoc:0.0.1-SNAPSHOT @ E:\EncoraWorkspace\projectpoc\pom.xml.
2024-05-02 10:46:52,434 [Worker-28: Cleaning all projects] INFO  o.e.m.c.i.e.AbstractTransferListenerAdapter - Downloaded https://repo.maven.apache.org/maven2/org/apache/maven/plugins/maven-resources-plugin/3.3.1/maven-resources-plugin-3.3.1.pom
2024-05-02 10:47:27,097 [Worker-36: Building] INFO  o.e.m.c.i.e.AbstractTransferListenerAdapter - Downloaded https://repo.maven.apache.org/maven2/org/apache/maven/plugins/maven-clean-plugin/3.2.0/maven-clean-plugin-3.2.0.jar
2024-05-02 10:47:29,804 [Worker-36: Building] INFO  o.e.m.c.i.e.AbstractTransferListenerAdapter - Downloaded https://repo.maven.apache.org/maven2/org/apache/maven/plugins/maven-resources-plugin/3.3.1/maven-resources-plugin-3.3.1.jar
2024-05-02 10:47:32,214 [Worker-36: Building] INFO  o.e.m.c.i.e.AbstractTransferListenerAdapter - Downloaded https://repo.maven.apache.org/maven2/org/apache/maven/plugins/maven-compiler-plugin/3.11.0/maven-compiler-plugin-3.11.0.jar
2024-05-02 10:47:34,679 [Worker-36: Building] INFO  o.e.m.c.i.e.AbstractTransferListenerAdapter - Downloaded https://repo.maven.apache.org/maven2/org/apache/maven/plugins/maven-surefire-plugin/3.1.2/maven-surefire-plugin-3.1.2.jar
2024-05-02 10:47:37,129 [Worker-36: Building] INFO  o.e.m.c.i.e.AbstractTransferListenerAdapter - Downloaded https://repo.maven.apache.org/maven2/org/apache/maven/plugins/maven-jar-plugin/3.3.0/maven-jar-plugin-3.3.0.jar
2024-05-02 10:47:39,343 [Worker-36: Building] INFO  o.e.m.c.i.e.AbstractTransferListenerAdapter - Downloaded https://repo.maven.apache.org/maven2/org/apache/maven/plugins/maven-install-plugin/3.1.1/maven-install-plugin-3.1.1.jar
2024-05-02 10:47:41,676 [Worker-36: Building] INFO  o.e.m.c.i.e.AbstractTransferListenerAdapter - Downloaded https://repo.maven.apache.org/maven2/org/apache/maven/plugins/maven-deploy-plugin/3.1.1/maven-deploy-plugin-3.1.1.jar
2024-05-02 10:47:44,022 [Worker-36: Building] INFO  o.e.m.c.i.e.AbstractTransferListenerAdapter - Downloaded https://repo.maven.apache.org/maven2/org/apache/maven/plugins/maven-site-plugin/3.12.1/maven-site-plugin-3.12.1.jar
2024-05-02 10:47:46,444 [Worker-36: Building] INFO  o.e.m.c.i.e.AbstractTransferListenerAdapter - Downloaded https://repo.maven.apache.org/maven2/org/apache/maven/plugins/maven-compiler-plugin/3.11.0/maven-compiler-plugin-3.11.0.pom
2024-05-02 10:47:46,483 [Worker-36: Building] INFO  o.e.m.c.i.l.LifecycleMappingFactory - Using org.eclipse.m2e.jdt.JarLifecycleMapping lifecycle mapping for MavenProject: projectpoc:projectpoc:0.0.1-SNAPSHOT @ E:\EncoraWorkspace\projectpoc\pom.xml.
2024-05-02 10:48:09,309 [Worker-35: Updating Maven Project] INFO  o.e.m.c.i.p.ProjectConfigurationManager - Update started
2024-05-02 10:48:09,379 [Worker-35: Updating Maven Project] INFO  o.e.m.c.i.l.LifecycleMappingFactory - Using org.eclipse.m2e.jdt.JarLifecycleMapping lifecycle mapping for MavenProject: projectpoc:projectpoc:0.0.1-SNAPSHOT @ E:\EncoraWorkspace\projectpoc\pom.xml.
2024-05-02 10:48:09,396 [Worker-35: Updating Maven Project] INFO  o.e.m.c.i.p.ProjectConfigurationManager - Update completed for 1 poms: local refresh takes 0.00 sec, refresh facades takes 0.00 sec, update config takes 0.00 sec 
2024-05-02 10:49:15,610 [Worker-28: Launching Executing clean in E__EncoraWorkspace_projectpoc] INFO  o.eclipse.m2e.core.internal.Bundles - getClasspathEntries(Bundle=org.eclipse.m2e.maven.runtime_3.9.400.20230826-0755 [295])
2024-05-02 10:49:15,616 [Worker-28: Launching Executing clean in E__EncoraWorkspace_projectpoc] INFO  o.eclipse.m2e.core.internal.Bundles - 	Entry: C:\Users\Ajinkya.Gapat\.p2\pool\plugins\org.eclipse.m2e.maven.runtime_3.9.400.20230826-0755
2024-05-02 10:49:15,617 [Worker-28: Launching Executing clean in E__EncoraWorkspace_projectpoc] INFO  o.eclipse.m2e.core.internal.Bundles - 	Entry: C:\Users\Ajinkya.Gapat\.p2\pool\plugins\org.eclipse.m2e.maven.runtime_3.9.400.20230826-0755\jars\aether-connector-okhttp-0.17.8.jar
2024-05-02 10:49:15,617 [Worker-28: Launching Executing clean in E__EncoraWorkspace_projectpoc] INFO  o.eclipse.m2e.core.internal.Bundles - 	Entry: C:\Users\Ajinkya.Gapat\.p2\pool\plugins\org.eclipse.m2e.maven.runtime_3.9.400.20230826-0755\jars\aopalliance-1.0.jar
2024-05-02 10:49:15,617 [Worker-28: Launching Executing clean in E__EncoraWorkspace_projectpoc] INFO  o.eclipse.m2e.core.internal.Bundles - 	Entry: C:\Users\Ajinkya.Gapat\.p2\pool\plugins\org.eclipse.m2e.maven.runtime_3.9.400.20230826-0755\jars\commons-lang3-3.12.0.jar
2024-05-02 10:49:15,617 [Worker-28: Launching Executing clean in E__EncoraWorkspace_projectpoc] INFO  o.eclipse.m2e.core.internal.Bundles - 	Entry: C:\Users\Ajinkya.Gapat\.p2\pool\plugins\org.eclipse.m2e.maven.runtime_3.9.400.20230826-0755\jars\guice-5.1.0.jar
2024-05-02 10:49:15,617 [Worker-28: Launching Executing clean in E__EncoraWorkspace_projectpoc] INFO  o.eclipse.m2e.core.internal.Bundles - 	Entry: C:\Users\Ajinkya.Gapat\.p2\pool\plugins\org.eclipse.m2e.maven.runtime_3.9.400.20230826-0755\jars\jansi-2.4.0.jar
2024-05-02 10:49:15,617 [Worker-28: Launching Executing clean in E__EncoraWorkspace_projectpoc] INFO  o.eclipse.m2e.core.internal.Bundles - 	Entry: C:\Users\Ajinkya.Gapat\.p2\pool\plugins\org.eclipse.m2e.maven.runtime_3.9.400.20230826-0755\jars\maven-artifact-3.9.4.jar
2024-05-02 10:49:15,617 [Worker-28: Launching Executing clean in E__EncoraWorkspace_projectpoc] INFO  o.eclipse.m2e.core.internal.Bundles - 	Entry: C:\Users\Ajinkya.Gapat\.p2\pool\plugins\org.eclipse.m2e.maven.runtime_3.9.400.20230826-0755\jars\maven-builder-support-3.9.4.jar
2024-05-02 10:49:15,618 [Worker-28: Launching Executing clean in E__EncoraWorkspace_projectpoc] INFO  o.eclipse.m2e.core.internal.Bundles - 	Entry: C:\Users\Ajinkya.Gapat\.p2\pool\plugins\org.eclipse.m2e.maven.runtime_3.9.400.20230826-0755\jars\maven-compat-3.9.4.jar
2024-05-02 10:49:15,618 [Worker-28: Launching Executing clean in E__EncoraWorkspace_projectpoc] INFO  o.eclipse.m2e.core.internal.Bundles - 	Entry: C:\Users\Ajinkya.Gapat\.p2\pool\plugins\org.eclipse.m2e.maven.runtime_3.9.400.20230826-0755\jars\maven-core-3.9.4.jar
2024-05-02 10:49:15,618 [Worker-28: Launching Executing clean in E__EncoraWorkspace_projectpoc] INFO  o.eclipse.m2e.core.internal.Bundles - 	Entry: C:\Users\Ajinkya.Gapat\.p2\pool\plugins\org.eclipse.m2e.maven.runtime_3.9.400.20230826-0755\jars\maven-embedder-3.9.4.jar
2024-05-02 10:49:15,618 [Worker-28: Launching Executing clean in E__EncoraWorkspace_projectpoc] INFO  o.eclipse.m2e.core.internal.Bundles - 	Entry: C:\Users\Ajinkya.Gapat\.p2\pool\plugins\org.eclipse.m2e.maven.runtime_3.9.400.20230826-0755\jars\maven-model-3.9.4.jar
2024-05-02 10:49:15,618 [Worker-28: Launching Executing clean in E__EncoraWorkspace_projectpoc] INFO  o.eclipse.m2e.core.internal.Bundles - 	Entry: C:\Users\Ajinkya.Gapat\.p2\pool\plugins\org.eclipse.m2e.maven.runtime_3.9.400.20230826-0755\jars\maven-model-builder-3.9.4.jar
2024-05-02 10:49:15,618 [Worker-28: Launching Executing clean in E__EncoraWorkspace_projectpoc] INFO  o.eclipse.m2e.core.internal.Bundles - 	Entry: C:\Users\Ajinkya.Gapat\.p2\pool\plugins\org.eclipse.m2e.maven.runtime_3.9.400.20230826-0755\jars\maven-plugin-api-3.9.4.jar
2024-05-02 10:49:15,618 [Worker-28: Launching Executing clean in E__EncoraWorkspace_projectpoc] INFO  o.eclipse.m2e.core.internal.Bundles - 	Entry: C:\Users\Ajinkya.Gapat\.p2\pool\plugins\org.eclipse.m2e.maven.runtime_3.9.400.20230826-0755\jars\maven-repository-metadata-3.9.4.jar
2024-05-02 10:49:15,618 [Worker-28: Launching Executing clean in E__EncoraWorkspace_projectpoc] INFO  o.eclipse.m2e.core.internal.Bundles - 	Entry: C:\Users\Ajinkya.Gapat\.p2\pool\plugins\org.eclipse.m2e.maven.runtime_3.9.400.20230826-0755\jars\maven-resolver-api-1.9.14.jar
2024-05-02 10:49:15,618 [Worker-28: Launching Executing clean in E__EncoraWorkspace_projectpoc] INFO  o.eclipse.m2e.core.internal.Bundles - 	Entry: C:\Users\Ajinkya.Gapat\.p2\pool\plugins\org.eclipse.m2e.maven.runtime_3.9.400.20230826-0755\jars\maven-resolver-connector-basic-1.9.14.jar
2024-05-02 10:49:15,618 [Worker-28: Launching Executing clean in E__EncoraWorkspace_projectpoc] INFO  o.eclipse.m2e.core.internal.Bundles - 	Entry: C:\Users\Ajinkya.Gapat\.p2\pool\plugins\org.eclipse.m2e.maven.runtime_3.9.400.20230826-0755\jars\maven-resolver-impl-1.9.14.jar
2024-05-02 10:49:15,618 [Worker-28: Launching Executing clean in E__EncoraWorkspace_projectpoc] INFO  o.eclipse.m2e.core.internal.Bundles - 	Entry: C:\Users\Ajinkya.Gapat\.p2\pool\plugins\org.eclipse.m2e.maven.runtime_3.9.400.20230826-0755\jars\maven-resolver-named-locks-1.9.14.jar
2024-05-02 10:49:15,618 [Worker-28: Launching Executing clean in E__EncoraWorkspace_projectpoc] INFO  o.eclipse.m2e.core.internal.Bundles - 	Entry: C:\Users\Ajinkya.Gapat\.p2\pool\plugins\org.eclipse.m2e.maven.runtime_3.9.400.20230826-0755\jars\maven-resolver-provider-3.9.4.jar
2024-05-02 10:49:15,619 [Worker-28: Launching Executing clean in E__EncoraWorkspace_projectpoc] INFO  o.eclipse.m2e.core.internal.Bundles - 	Entry: C:\Users\Ajinkya.Gapat\.p2\pool\plugins\org.eclipse.m2e.maven.runtime_3.9.400.20230826-0755\jars\maven-resolver-spi-1.9.14.jar
2024-05-02 10:49:15,619 [Worker-28: Launching Executing clean in E__EncoraWorkspace_projectpoc] INFO  o.eclipse.m2e.core.internal.Bundles - 	Entry: C:\Users\Ajinkya.Gapat\.p2\pool\plugins\org.eclipse.m2e.maven.runtime_3.9.400.20230826-0755\jars\maven-resolver-transport-wagon-1.9.14.jar
2024-05-02 10:49:15,619 [Worker-28: Launching Executing clean in E__EncoraWorkspace_projectpoc] INFO  o.eclipse.m2e.core.internal.Bundles - 	Entry: C:\Users\Ajinkya.Gapat\.p2\pool\plugins\org.eclipse.m2e.maven.runtime_3.9.400.20230826-0755\jars\maven-resolver-util-1.9.14.jar
2024-05-02 10:49:15,619 [Worker-28: Launching Executing clean in E__EncoraWorkspace_projectpoc] INFO  o.eclipse.m2e.core.internal.Bundles - 	Entry: C:\Users\Ajinkya.Gapat\.p2\pool\plugins\org.eclipse.m2e.maven.runtime_3.9.400.20230826-0755\jars\maven-settings-3.9.4.jar
2024-05-02 10:49:15,619 [Worker-28: Launching Executing clean in E__EncoraWorkspace_projectpoc] INFO  o.eclipse.m2e.core.internal.Bundles - 	Entry: C:\Users\Ajinkya.Gapat\.p2\pool\plugins\org.eclipse.m2e.maven.runtime_3.9.400.20230826-0755\jars\maven-settings-builder-3.9.4.jar
2024-05-02 10:49:15,619 [Worker-28: Launching Executing clean in E__EncoraWorkspace_projectpoc] INFO  o.eclipse.m2e.core.internal.Bundles - 	Entry: C:\Users\Ajinkya.Gapat\.p2\pool\plugins\org.eclipse.m2e.maven.runtime_3.9.400.20230826-0755\jars\maven-shared-utils-3.3.4.jar
2024-05-02 10:49:15,619 [Worker-28: Launching Executing clean in E__EncoraWorkspace_projectpoc] INFO  o.eclipse.m2e.core.internal.Bundles - 	Entry: C:\Users\Ajinkya.Gapat\.p2\pool\plugins\org.eclipse.m2e.maven.runtime_3.9.400.20230826-0755\jars\okhttp-3.14.1.jar
2024-05-02 10:49:15,619 [Worker-28: Launching Executing clean in E__EncoraWorkspace_projectpoc] INFO  o.eclipse.m2e.core.internal.Bundles - 	Entry: C:\Users\Ajinkya.Gapat\.p2\pool\plugins\org.eclipse.m2e.maven.runtime_3.9.400.20230826-0755\jars\okio-1.17.3.jar
2024-05-02 10:49:15,619 [Worker-28: Launching Executing clean in E__EncoraWorkspace_projectpoc] INFO  o.eclipse.m2e.core.internal.Bundles - 	Entry: C:\Users\Ajinkya.Gapat\.p2\pool\plugins\org.eclipse.m2e.maven.runtime_3.9.400.20230826-0755\jars\org.eclipse.sisu.inject-0.3.5.jar
2024-05-02 10:49:15,619 [Worker-28: Launching Executing clean in E__EncoraWorkspace_projectpoc] INFO  o.eclipse.m2e.core.internal.Bundles - 	Entry: C:\Users\Ajinkya.Gapat\.p2\pool\plugins\org.eclipse.m2e.maven.runtime_3.9.400.20230826-0755\jars\org.eclipse.sisu.plexus-0.3.5.jar
2024-05-02 10:49:15,619 [Worker-28: Launching Executing clean in E__EncoraWorkspace_projectpoc] INFO  o.eclipse.m2e.core.internal.Bundles - 	Entry: C:\Users\Ajinkya.Gapat\.p2\pool\plugins\org.eclipse.m2e.maven.runtime_3.9.400.20230826-0755\jars\plexus-build-api-0.0.7.jar
2024-05-02 10:49:15,619 [Worker-28: Launching Executing clean in E__EncoraWorkspace_projectpoc] INFO  o.eclipse.m2e.core.internal.Bundles - 	Entry: C:\Users\Ajinkya.Gapat\.p2\pool\plugins\org.eclipse.m2e.maven.runtime_3.9.400.20230826-0755\jars\plexus-cipher-2.0.jar
2024-05-02 10:49:15,620 [Worker-28: Launching Executing clean in E__EncoraWorkspace_projectpoc] INFO  o.eclipse.m2e.core.internal.Bundles - 	Entry: C:\Users\Ajinkya.Gapat\.p2\pool\plugins\org.eclipse.m2e.maven.runtime_3.9.400.20230826-0755\jars\plexus-classworlds-2.7.0.jar
2024-05-02 10:49:15,620 [Worker-28: Launching Executing clean in E__EncoraWorkspace_projectpoc] INFO  o.eclipse.m2e.core.internal.Bundles - 	Entry: C:\Users\Ajinkya.Gapat\.p2\pool\plugins\org.eclipse.m2e.maven.runtime_3.9.400.20230826-0755\jars\plexus-component-annotations-2.1.0.jar
2024-05-02 10:49:15,620 [Worker-28: Launching Executing clean in E__EncoraWorkspace_projectpoc] INFO  o.eclipse.m2e.core.internal.Bundles - 	Entry: C:\Users\Ajinkya.Gapat\.p2\pool\plugins\org.eclipse.m2e.maven.runtime_3.9.400.20230826-0755\jars\plexus-interpolation-1.26.jar
2024-05-02 10:49:15,620 [Worker-28: Launching Executing clean in E__EncoraWorkspace_projectpoc] INFO  o.eclipse.m2e.core.internal.Bundles - 	Entry: C:\Users\Ajinkya.Gapat\.p2\pool\plugins\org.eclipse.m2e.maven.runtime_3.9.400.20230826-0755\jars\plexus-sec-dispatcher-2.0.jar
2024-05-02 10:49:15,620 [Worker-28: Launching Executing clean in E__EncoraWorkspace_projectpoc] INFO  o.eclipse.m2e.core.internal.Bundles - 	Entry: C:\Users\Ajinkya.Gapat\.p2\pool\plugins\org.eclipse.m2e.maven.runtime_3.9.400.20230826-0755\jars\plexus-utils-3.5.1.jar
2024-05-02 10:49:15,620 [Worker-28: Launching Executing clean in E__EncoraWorkspace_projectpoc] INFO  o.eclipse.m2e.core.internal.Bundles - 	Entry: C:\Users\Ajinkya.Gapat\.p2\pool\plugins\org.eclipse.m2e.maven.runtime_3.9.400.20230826-0755\jars\wagon-file-3.5.3.jar
2024-05-02 10:49:15,620 [Worker-28: Launching Executing clean in E__EncoraWorkspace_projectpoc] INFO  o.eclipse.m2e.core.internal.Bundles - 	Entry: C:\Users\Ajinkya.Gapat\.p2\pool\plugins\org.eclipse.m2e.maven.runtime_3.9.400.20230826-0755\jars\wagon-provider-api-3.5.3.jar
2024-05-02 10:49:15,621 [Worker-28: Launching Executing clean in E__EncoraWorkspace_projectpoc] INFO  o.eclipse.m2e.core.internal.Bundles - getClasspathEntries(Bundle=com.google.guava_32.1.2.jre [10])
2024-05-02 10:49:15,621 [Worker-28: Launching Executing clean in E__EncoraWorkspace_projectpoc] INFO  o.eclipse.m2e.core.internal.Bundles - 	Entry: C:\Users\Ajinkya.Gapat\.p2\pool\plugins\com.google.guava_32.1.2.jre.jar
2024-05-02 10:49:15,622 [Worker-28: Launching Executing clean in E__EncoraWorkspace_projectpoc] INFO  o.eclipse.m2e.core.internal.Bundles - getClasspathEntries(Bundle=slf4j.api_2.0.13 [516])
2024-05-02 10:49:15,622 [Worker-28: Launching Executing clean in E__EncoraWorkspace_projectpoc] INFO  o.eclipse.m2e.core.internal.Bundles - 	Entry: C:\Users\Ajinkya.Gapat\.p2\pool\plugins\slf4j.api_2.0.13.jar
2024-05-02 10:49:15,622 [Worker-28: Launching Executing clean in E__EncoraWorkspace_projectpoc] INFO  o.eclipse.m2e.core.internal.Bundles - getClasspathEntries(Bundle=javax.inject_1.0.0.v20220405-0441 [26])
2024-05-02 10:49:15,622 [Worker-28: Launching Executing clean in E__EncoraWorkspace_projectpoc] INFO  o.eclipse.m2e.core.internal.Bundles - 	Entry: C:\Users\Ajinkya.Gapat\.p2\pool\plugins\javax.inject_1.0.0.v20220405-0441.jar
2024-05-02 10:49:15,622 [Worker-28: Launching Executing clean in E__EncoraWorkspace_projectpoc] INFO  o.eclipse.m2e.core.internal.Bundles - getClasspathEntries(Bundle=javax.annotation_1.3.5.v20200909-1856 [24])
2024-05-02 10:49:15,623 [Worker-28: Launching Executing clean in E__EncoraWorkspace_projectpoc] INFO  o.eclipse.m2e.core.internal.Bundles - 	Entry: C:\Users\Ajinkya.Gapat\.p2\pool\plugins\javax.annotation_1.3.5.v20200909-1856.jar
2024-05-02 10:49:15,623 [Worker-28: Launching Executing clean in E__EncoraWorkspace_projectpoc] INFO  o.eclipse.m2e.core.internal.Bundles - getClasspathEntries(Bundle=org.apache.commons.cli_1.5.0 [49])
2024-05-02 10:49:15,623 [Worker-28: Launching Executing clean in E__EncoraWorkspace_projectpoc] INFO  o.eclipse.m2e.core.internal.Bundles - 	Entry: C:\Users\Ajinkya.Gapat\.p2\pool\plugins\org.apache.commons.cli_1.5.0.jar
2024-05-02 10:49:15,623 [Worker-28: Launching Executing clean in E__EncoraWorkspace_projectpoc] INFO  o.eclipse.m2e.core.internal.Bundles - getClasspathEntries(Bundle=com.google.guava.failureaccess_1.0.1 [12])
2024-05-02 10:49:15,624 [Worker-28: Launching Executing clean in E__EncoraWorkspace_projectpoc] INFO  o.eclipse.m2e.core.internal.Bundles - 	Entry: C:\Users\Ajinkya.Gapat\.p2\pool\plugins\com.google.guava.failureaccess_1.0.1.jar
2024-05-02 10:49:15,770 [Worker-28: Launching Executing clean in E__EncoraWorkspace_projectpoc] INFO  o.e.m.i.launch.MavenLaunchDelegate - Run build in "E:\EncoraWorkspace\projectpoc":
2024-05-02 10:49:15,774 [Worker-28: Launching Executing clean in E__EncoraWorkspace_projectpoc] INFO  o.e.m.i.launch.MavenLaunchDelegate -  mvn  -B -Dstyle.color=always clean
2024-05-02 11:00:15,998 [Worker-4: Loading available Gradle versions] INFO  o.e.b.c.i.u.g.PublishedGradleVersions - Gradle version information cache is up-to-date. Trying to read.
2024-05-02 11:03:09,930 [Worker-32: Updating Maven Project] INFO  o.e.m.c.i.p.ProjectConfigurationManager - Update started
2024-05-02 11:03:10,488 [Worker-32: Updating Maven Project] INFO  o.e.m.c.i.e.AbstractTransferListenerAdapter - Downloaded https://repo.maven.apache.org/maven2/org/apache/maven/plugins/maven-surefire-plugin/3.2.2/maven-surefire-plugin-3.2.2.jar
2024-05-02 11:03:10,605 [Worker-32: Updating Maven Project] INFO  o.e.m.c.i.l.LifecycleMappingFactory - Using org.eclipse.m2e.jdt.JarLifecycleMapping lifecycle mapping for MavenProject: projectpoc:projectpoc:0.0.1-SNAPSHOT @ E:\EncoraWorkspace\projectpoc\pom.xml.
2024-05-02 11:03:10,637 [Worker-32: Updating Maven Project] INFO  o.e.m.c.i.p.ProjectConfigurationManager - Update completed for 1 poms: local refresh takes 0.00 sec, refresh facades takes 0.00 sec, update config takes 0.00 sec 
2024-05-02 11:54:25,260 [Worker-46: Launching Executing install in E__EncoraWorkspace_projectpoc] INFO  o.eclipse.m2e.core.internal.Bundles - getClasspathEntries(Bundle=org.eclipse.m2e.maven.runtime_3.9.600.20231203-1234 [560])
2024-05-02 11:54:25,262 [Worker-46: Launching Executing install in E__EncoraWorkspace_projectpoc] INFO  o.eclipse.m2e.core.internal.Bundles - 	Entry: C:\Users\Ajinkya.Gapat\.p2\pool\plugins\org.eclipse.m2e.maven.runtime_3.9.600.20231203-1234
2024-05-02 11:54:25,262 [Worker-46: Launching Executing install in E__EncoraWorkspace_projectpoc] INFO  o.eclipse.m2e.core.internal.Bundles - 	Entry: C:\Users\Ajinkya.Gapat\.p2\pool\plugins\org.eclipse.m2e.maven.runtime_3.9.600.20231203-1234\jars\aopalliance-1.0.jar
2024-05-02 11:54:25,262 [Worker-46: Launching Executing install in E__EncoraWorkspace_projectpoc] INFO  o.eclipse.m2e.core.internal.Bundles - 	Entry: C:\Users\Ajinkya.Gapat\.p2\pool\plugins\org.eclipse.m2e.maven.runtime_3.9.600.20231203-1234\jars\guice-5.1.0.jar
2024-05-02 11:54:25,262 [Worker-46: Launching Executing install in E__EncoraWorkspace_projectpoc] INFO  o.eclipse.m2e.core.internal.Bundles - 	Entry: C:\Users\Ajinkya.Gapat\.p2\pool\plugins\org.eclipse.m2e.maven.runtime_3.9.600.20231203-1234\jars\httpclient-4.5.14.jar
2024-05-02 11:54:25,262 [Worker-46: Launching Executing install in E__EncoraWorkspace_projectpoc] INFO  o.eclipse.m2e.core.internal.Bundles - 	Entry: C:\Users\Ajinkya.Gapat\.p2\pool\plugins\org.eclipse.m2e.maven.runtime_3.9.600.20231203-1234\jars\httpcore-4.4.16.jar
2024-05-02 11:54:25,262 [Worker-46: Launching Executing install in E__EncoraWorkspace_projectpoc] INFO  o.eclipse.m2e.core.internal.Bundles - 	Entry: C:\Users\Ajinkya.Gapat\.p2\pool\plugins\org.eclipse.m2e.maven.runtime_3.9.600.20231203-1234\jars\jansi-2.4.0.jar
2024-05-02 11:54:25,262 [Worker-46: Launching Executing install in E__EncoraWorkspace_projectpoc] INFO  o.eclipse.m2e.core.internal.Bundles - 	Entry: C:\Users\Ajinkya.Gapat\.p2\pool\plugins\org.eclipse.m2e.maven.runtime_3.9.600.20231203-1234\jars\jcl-over-slf4j-1.7.36.jar
2024-05-02 11:54:25,262 [Worker-46: Launching Executing install in E__EncoraWorkspace_projectpoc] INFO  o.eclipse.m2e.core.internal.Bundles - 	Entry: C:\Users\Ajinkya.Gapat\.p2\pool\plugins\org.eclipse.m2e.maven.runtime_3.9.600.20231203-1234\jars\maven-artifact-3.9.6.jar
2024-05-02 11:54:25,263 [Worker-46: Launching Executing install in E__EncoraWorkspace_projectpoc] INFO  o.eclipse.m2e.core.internal.Bundles - 	Entry: C:\Users\Ajinkya.Gapat\.p2\pool\plugins\org.eclipse.m2e.maven.runtime_3.9.600.20231203-1234\jars\maven-builder-support-3.9.6.jar
2024-05-02 11:54:25,263 [Worker-46: Launching Executing install in E__EncoraWorkspace_projectpoc] INFO  o.eclipse.m2e.core.internal.Bundles - 	Entry: C:\Users\Ajinkya.Gapat\.p2\pool\plugins\org.eclipse.m2e.maven.runtime_3.9.600.20231203-1234\jars\maven-compat-3.9.6.jar
2024-05-02 11:54:25,263 [Worker-46: Launching Executing install in E__EncoraWorkspace_projectpoc] INFO  o.eclipse.m2e.core.internal.Bundles - 	Entry: C:\Users\Ajinkya.Gapat\.p2\pool\plugins\org.eclipse.m2e.maven.runtime_3.9.600.20231203-1234\jars\maven-core-3.9.6.jar
2024-05-02 11:54:25,263 [Worker-46: Launching Executing install in E__EncoraWorkspace_projectpoc] INFO  o.eclipse.m2e.core.internal.Bundles - 	Entry: C:\Users\Ajinkya.Gapat\.p2\pool\plugins\org.eclipse.m2e.maven.runtime_3.9.600.20231203-1234\jars\maven-embedder-3.9.6.jar
2024-05-02 11:54:25,263 [Worker-46: Launching Executing install in E__EncoraWorkspace_projectpoc] INFO  o.eclipse.m2e.core.internal.Bundles - 	Entry: C:\Users\Ajinkya.Gapat\.p2\pool\plugins\org.eclipse.m2e.maven.runtime_3.9.600.20231203-1234\jars\maven-model-3.9.6.jar
2024-05-02 11:54:25,263 [Worker-46: Launching Executing install in E__EncoraWorkspace_projectpoc] INFO  o.eclipse.m2e.core.internal.Bundles - 	Entry: C:\Users\Ajinkya.Gapat\.p2\pool\plugins\org.eclipse.m2e.maven.runtime_3.9.600.20231203-1234\jars\maven-model-builder-3.9.6.jar
2024-05-02 11:54:25,263 [Worker-46: Launching Executing install in E__EncoraWorkspace_projectpoc] INFO  o.eclipse.m2e.core.internal.Bundles - 	Entry: C:\Users\Ajinkya.Gapat\.p2\pool\plugins\org.eclipse.m2e.maven.runtime_3.9.600.20231203-1234\jars\maven-plugin-api-3.9.6.jar
2024-05-02 11:54:25,263 [Worker-46: Launching Executing install in E__EncoraWorkspace_projectpoc] INFO  o.eclipse.m2e.core.internal.Bundles - 	Entry: C:\Users\Ajinkya.Gapat\.p2\pool\plugins\org.eclipse.m2e.maven.runtime_3.9.600.20231203-1234\jars\maven-repository-metadata-3.9.6.jar
2024-05-02 11:54:25,263 [Worker-46: Launching Executing install in E__EncoraWorkspace_projectpoc] INFO  o.eclipse.m2e.core.internal.Bundles - 	Entry: C:\Users\Ajinkya.Gapat\.p2\pool\plugins\org.eclipse.m2e.maven.runtime_3.9.600.20231203-1234\jars\maven-resolver-api-1.9.18.jar
2024-05-02 11:54:25,263 [Worker-46: Launching Executing install in E__EncoraWorkspace_projectpoc] INFO  o.eclipse.m2e.core.internal.Bundles - 	Entry: C:\Users\Ajinkya.Gapat\.p2\pool\plugins\org.eclipse.m2e.maven.runtime_3.9.600.20231203-1234\jars\maven-resolver-connector-basic-1.9.18.jar
2024-05-02 11:54:25,263 [Worker-46: Launching Executing install in E__EncoraWorkspace_projectpoc] INFO  o.eclipse.m2e.core.internal.Bundles - 	Entry: C:\Users\Ajinkya.Gapat\.p2\pool\plugins\org.eclipse.m2e.maven.runtime_3.9.600.20231203-1234\jars\maven-resolver-impl-1.9.18.jar
2024-05-02 11:54:25,263 [Worker-46: Launching Executing install in E__EncoraWorkspace_projectpoc] INFO  o.eclipse.m2e.core.internal.Bundles - 	Entry: C:\Users\Ajinkya.Gapat\.p2\pool\plugins\org.eclipse.m2e.maven.runtime_3.9.600.20231203-1234\jars\maven-resolver-named-locks-1.9.18.jar
2024-05-02 11:54:25,263 [Worker-46: Launching Executing install in E__EncoraWorkspace_projectpoc] INFO  o.eclipse.m2e.core.internal.Bundles - 	Entry: C:\Users\Ajinkya.Gapat\.p2\pool\plugins\org.eclipse.m2e.maven.runtime_3.9.600.20231203-1234\jars\maven-resolver-provider-3.9.6.jar
2024-05-02 11:54:25,264 [Worker-46: Launching Executing install in E__EncoraWorkspace_projectpoc] INFO  o.eclipse.m2e.core.internal.Bundles - 	Entry: C:\Users\Ajinkya.Gapat\.p2\pool\plugins\org.eclipse.m2e.maven.runtime_3.9.600.20231203-1234\jars\maven-resolver-spi-1.9.18.jar
2024-05-02 11:54:25,264 [Worker-46: Launching Executing install in E__EncoraWorkspace_projectpoc] INFO  o.eclipse.m2e.core.internal.Bundles - 	Entry: C:\Users\Ajinkya.Gapat\.p2\pool\plugins\org.eclipse.m2e.maven.runtime_3.9.600.20231203-1234\jars\maven-resolver-transport-file-1.9.18.jar
2024-05-02 11:54:25,264 [Worker-46: Launching Executing install in E__EncoraWorkspace_projectpoc] INFO  o.eclipse.m2e.core.internal.Bundles - 	Entry: C:\Users\Ajinkya.Gapat\.p2\pool\plugins\org.eclipse.m2e.maven.runtime_3.9.600.20231203-1234\jars\maven-resolver-transport-http-1.9.18.jar
2024-05-02 11:54:25,264 [Worker-46: Launching Executing install in E__EncoraWorkspace_projectpoc] INFO  o.eclipse.m2e.core.internal.Bundles - 	Entry: C:\Users\Ajinkya.Gapat\.p2\pool\plugins\org.eclipse.m2e.maven.runtime_3.9.600.20231203-1234\jars\maven-resolver-transport-wagon-1.9.18.jar
2024-05-02 11:54:25,264 [Worker-46: Launching Executing install in E__EncoraWorkspace_projectpoc] INFO  o.eclipse.m2e.core.internal.Bundles - 	Entry: C:\Users\Ajinkya.Gapat\.p2\pool\plugins\org.eclipse.m2e.maven.runtime_3.9.600.20231203-1234\jars\maven-resolver-util-1.9.18.jar
2024-05-02 11:54:25,264 [Worker-46: Launching Executing install in E__EncoraWorkspace_projectpoc] INFO  o.eclipse.m2e.core.internal.Bundles - 	Entry: C:\Users\Ajinkya.Gapat\.p2\pool\plugins\org.eclipse.m2e.maven.runtime_3.9.600.20231203-1234\jars\maven-settings-3.9.6.jar
2024-05-02 11:54:25,264 [Worker-46: Launching Executing install in E__EncoraWorkspace_projectpoc] INFO  o.eclipse.m2e.core.internal.Bundles - 	Entry: C:\Users\Ajinkya.Gapat\.p2\pool\plugins\org.eclipse.m2e.maven.runtime_3.9.600.20231203-1234\jars\maven-settings-builder-3.9.6.jar
2024-05-02 11:54:25,264 [Worker-46: Launching Executing install in E__EncoraWorkspace_projectpoc] INFO  o.eclipse.m2e.core.internal.Bundles - 	Entry: C:\Users\Ajinkya.Gapat\.p2\pool\plugins\org.eclipse.m2e.maven.runtime_3.9.600.20231203-1234\jars\maven-shared-utils-3.3.4.jar
2024-05-02 11:54:25,264 [Worker-46: Launching Executing install in E__EncoraWorkspace_projectpoc] INFO  o.eclipse.m2e.core.internal.Bundles - 	Entry: C:\Users\Ajinkya.Gapat\.p2\pool\plugins\org.eclipse.m2e.maven.runtime_3.9.600.20231203-1234\jars\org.eclipse.sisu.inject-0.9.0.M2.jar
2024-05-02 11:54:25,264 [Worker-46: Launching Executing install in E__EncoraWorkspace_projectpoc] INFO  o.eclipse.m2e.core.internal.Bundles - 	Entry: C:\Users\Ajinkya.Gapat\.p2\pool\plugins\org.eclipse.m2e.maven.runtime_3.9.600.20231203-1234\jars\org.eclipse.sisu.plexus-0.9.0.M2.jar
2024-05-02 11:54:25,264 [Worker-46: Launching Executing install in E__EncoraWorkspace_projectpoc] INFO  o.eclipse.m2e.core.internal.Bundles - 	Entry: C:\Users\Ajinkya.Gapat\.p2\pool\plugins\org.eclipse.m2e.maven.runtime_3.9.600.20231203-1234\jars\plexus-build-api-0.0.7.jar
2024-05-02 11:54:25,264 [Worker-46: Launching Executing install in E__EncoraWorkspace_projectpoc] INFO  o.eclipse.m2e.core.internal.Bundles - 	Entry: C:\Users\Ajinkya.Gapat\.p2\pool\plugins\org.eclipse.m2e.maven.runtime_3.9.600.20231203-1234\jars\plexus-cipher-2.0.jar
2024-05-02 11:54:25,265 [Worker-46: Launching Executing install in E__EncoraWorkspace_projectpoc] INFO  o.eclipse.m2e.core.internal.Bundles - 	Entry: C:\Users\Ajinkya.Gapat\.p2\pool\plugins\org.eclipse.m2e.maven.runtime_3.9.600.20231203-1234\jars\plexus-classworlds-2.7.0.jar
2024-05-02 11:54:25,265 [Worker-46: Launching Executing install in E__EncoraWorkspace_projectpoc] INFO  o.eclipse.m2e.core.internal.Bundles - 	Entry: C:\Users\Ajinkya.Gapat\.p2\pool\plugins\org.eclipse.m2e.maven.runtime_3.9.600.20231203-1234\jars\plexus-component-annotations-2.1.0.jar
2024-05-02 11:54:25,265 [Worker-46: Launching Executing install in E__EncoraWorkspace_projectpoc] INFO  o.eclipse.m2e.core.internal.Bundles - 	Entry: C:\Users\Ajinkya.Gapat\.p2\pool\plugins\org.eclipse.m2e.maven.runtime_3.9.600.20231203-1234\jars\plexus-interpolation-1.26.jar
2024-05-02 11:54:25,265 [Worker-46: Launching Executing install in E__EncoraWorkspace_projectpoc] INFO  o.eclipse.m2e.core.internal.Bundles - 	Entry: C:\Users\Ajinkya.Gapat\.p2\pool\plugins\org.eclipse.m2e.maven.runtime_3.9.600.20231203-1234\jars\plexus-sec-dispatcher-2.0.jar
2024-05-02 11:54:25,265 [Worker-46: Launching Executing install in E__EncoraWorkspace_projectpoc] INFO  o.eclipse.m2e.core.internal.Bundles - 	Entry: C:\Users\Ajinkya.Gapat\.p2\pool\plugins\org.eclipse.m2e.maven.runtime_3.9.600.20231203-1234\jars\plexus-utils-3.5.1.jar
2024-05-02 11:54:25,265 [Worker-46: Launching Executing install in E__EncoraWorkspace_projectpoc] INFO  o.eclipse.m2e.core.internal.Bundles - 	Entry: C:\Users\Ajinkya.Gapat\.p2\pool\plugins\org.eclipse.m2e.maven.runtime_3.9.600.20231203-1234\jars\wagon-file-3.5.3.jar
2024-05-02 11:54:25,265 [Worker-46: Launching Executing install in E__EncoraWorkspace_projectpoc] INFO  o.eclipse.m2e.core.internal.Bundles - 	Entry: C:\Users\Ajinkya.Gapat\.p2\pool\plugins\org.eclipse.m2e.maven.runtime_3.9.600.20231203-1234\jars\wagon-http-3.5.3.jar
2024-05-02 11:54:25,265 [Worker-46: Launching Executing install in E__EncoraWorkspace_projectpoc] INFO  o.eclipse.m2e.core.internal.Bundles - 	Entry: C:\Users\Ajinkya.Gapat\.p2\pool\plugins\org.eclipse.m2e.maven.runtime_3.9.600.20231203-1234\jars\wagon-http-shared-3.5.3.jar
2024-05-02 11:54:25,265 [Worker-46: Launching Executing install in E__EncoraWorkspace_projectpoc] INFO  o.eclipse.m2e.core.internal.Bundles - 	Entry: C:\Users\Ajinkya.Gapat\.p2\pool\plugins\org.eclipse.m2e.maven.runtime_3.9.600.20231203-1234\jars\wagon-provider-api-3.5.3.jar
2024-05-02 11:54:25,266 [Worker-46: Launching Executing install in E__EncoraWorkspace_projectpoc] INFO  o.eclipse.m2e.core.internal.Bundles - getClasspathEntries(Bundle=com.google.guava_32.1.2.jre [10])
2024-05-02 11:54:25,267 [Worker-46: Launching Executing install in E__EncoraWorkspace_projectpoc] INFO  o.eclipse.m2e.core.internal.Bundles - 	Entry: C:\Users\Ajinkya.Gapat\.p2\pool\plugins\com.google.guava_32.1.2.jre.jar
2024-05-02 11:54:25,267 [Worker-46: Launching Executing install in E__EncoraWorkspace_projectpoc] INFO  o.eclipse.m2e.core.internal.Bundles - getClasspathEntries(Bundle=slf4j.api_2.0.13 [516])
2024-05-02 11:54:25,267 [Worker-46: Launching Executing install in E__EncoraWorkspace_projectpoc] INFO  o.eclipse.m2e.core.internal.Bundles - 	Entry: C:\Users\Ajinkya.Gapat\.p2\pool\plugins\slf4j.api_2.0.13.jar
2024-05-02 11:54:25,267 [Worker-46: Launching Executing install in E__EncoraWorkspace_projectpoc] INFO  o.eclipse.m2e.core.internal.Bundles - getClasspathEntries(Bundle=javax.inject_1.0.0.v20220405-0441 [26])
2024-05-02 11:54:25,268 [Worker-46: Launching Executing install in E__EncoraWorkspace_projectpoc] INFO  o.eclipse.m2e.core.internal.Bundles - 	Entry: C:\Users\Ajinkya.Gapat\.p2\pool\plugins\javax.inject_1.0.0.v20220405-0441.jar
2024-05-02 11:54:25,268 [Worker-46: Launching Executing install in E__EncoraWorkspace_projectpoc] INFO  o.eclipse.m2e.core.internal.Bundles - getClasspathEntries(Bundle=javax.annotation_1.3.5.v20200909-1856 [24])
2024-05-02 11:54:25,268 [Worker-46: Launching Executing install in E__EncoraWorkspace_projectpoc] INFO  o.eclipse.m2e.core.internal.Bundles - 	Entry: C:\Users\Ajinkya.Gapat\.p2\pool\plugins\javax.annotation_1.3.5.v20200909-1856.jar
2024-05-02 11:54:25,268 [Worker-46: Launching Executing install in E__EncoraWorkspace_projectpoc] INFO  o.eclipse.m2e.core.internal.Bundles - getClasspathEntries(Bundle=org.apache.commons.cli_1.6.0 [527])
2024-05-02 11:54:25,270 [Worker-46: Launching Executing install in E__EncoraWorkspace_projectpoc] INFO  o.eclipse.m2e.core.internal.Bundles - 	Entry: C:\Users\Ajinkya.Gapat\.p2\pool\plugins\org.apache.commons.cli_1.6.0.jar
2024-05-02 11:54:25,270 [Worker-46: Launching Executing install in E__EncoraWorkspace_projectpoc] INFO  o.eclipse.m2e.core.internal.Bundles - getClasspathEntries(Bundle=org.apache.commons.commons-codec_1.16.1 [528])
2024-05-02 11:54:25,270 [Worker-46: Launching Executing install in E__EncoraWorkspace_projectpoc] INFO  o.eclipse.m2e.core.internal.Bundles - 	Entry: C:\Users\Ajinkya.Gapat\.p2\pool\plugins\org.apache.commons.commons-codec_1.16.1.jar
2024-05-02 11:54:25,270 [Worker-46: Launching Executing install in E__EncoraWorkspace_projectpoc] INFO  o.eclipse.m2e.core.internal.Bundles - getClasspathEntries(Bundle=org.apache.commons.lang3_3.14.0 [529])
2024-05-02 11:54:25,271 [Worker-46: Launching Executing install in E__EncoraWorkspace_projectpoc] INFO  o.eclipse.m2e.core.internal.Bundles - 	Entry: C:\Users\Ajinkya.Gapat\.p2\pool\plugins\org.apache.commons.lang3_3.14.0.jar
2024-05-02 11:54:25,271 [Worker-46: Launching Executing install in E__EncoraWorkspace_projectpoc] INFO  o.eclipse.m2e.core.internal.Bundles - getClasspathEntries(Bundle=com.google.guava.failureaccess_1.0.2 [523])
2024-05-02 11:54:25,271 [Worker-46: Launching Executing install in E__EncoraWorkspace_projectpoc] INFO  o.eclipse.m2e.core.internal.Bundles - 	Entry: C:\Users\Ajinkya.Gapat\.p2\pool\plugins\com.google.guava.failureaccess_1.0.2.jar
2024-05-02 11:54:25,275 [Worker-46: Launching Executing install in E__EncoraWorkspace_projectpoc] INFO  o.e.m.i.launch.MavenLaunchDelegate - Run build in "E:\EncoraWorkspace\projectpoc":
2024-05-02 11:54:25,280 [Worker-46: Launching Executing install in E__EncoraWorkspace_projectpoc] INFO  o.e.m.i.launch.MavenLaunchDelegate -  mvn  -B -Dstyle.color=always install
2024-05-02 12:04:11,268 [Worker-10: Loading available Gradle versions] INFO  o.e.b.c.i.u.g.PublishedGradleVersions - Gradle version information cache is up-to-date. Trying to read.
2024-05-02 12:09:51,861 [Worker-5: Loading available Gradle versions] INFO  o.e.b.c.i.u.g.PublishedGradleVersions - Gradle version information cache is up-to-date. Trying to read.
